<?xml version="1.0" encoding="UTF-8"?>
<testsuite name="com.example.rqchallenge.employees.employeeProvider.RestEmployeeProviderTest" tests="4" skipped="0" failures="0" errors="0" timestamp="2023-11-03T18:00:40" hostname="DESKTOP-9G4H34B" time="0.602">
  <properties/>
  <testcase name="getEmployees()" classname="com.example.rqchallenge.employees.employeeProvider.RestEmployeeProviderTest" time="0.582"/>
  <testcase name="getEmployee()" classname="com.example.rqchallenge.employees.employeeProvider.RestEmployeeProviderTest" time="0.013"/>
  <testcase name="deleteEmployee()" classname="com.example.rqchallenge.employees.employeeProvider.RestEmployeeProviderTest" time="0.002"/>
  <testcase name="createEmployee()" classname="com.example.rqchallenge.employees.employeeProvider.RestEmployeeProviderTest" time="0.003"/>
  <system-out><![CDATA[18:00:41.076 [Test worker] INFO com.example.rqchallenge.employees.employeeProvider.RestEmployeeProvider - Sending rest request to dummy-url.com/employees.
18:00:41.093 [Test worker] INFO com.example.rqchallenge.employees.employeeProvider.RestEmployeeProvider - Sending rest request to dummy-url.com/employee/5.
18:00:41.106 [Test worker] INFO com.example.rqchallenge.employees.employeeProvider.RestEmployeeProvider - Sending rest request to dummy-url.com/delete/5.
18:00:41.110 [Test worker] INFO com.example.rqchallenge.employees.employeeProvider.RestEmployeeProvider - Sending rest request to dummy-url.com/create.
]]></system-out>
  <system-err><![CDATA[]]></system-err>
</testsuite>
